# JRE version: OpenJDK Runtime Environment (17.0.10) (build 17.0.10+0--11609105)
# Java VM: OpenJDK 64-Bit Server VM (17.0.10+0--11609105, mixed mode, tiered, compressed oops, compressed class ptrs, g1 gc, windows-amd64)
GC Precious Log:
 CPUs: 8 total, 8 available
 Memory: 16167M
 Large Page Support: Disabled
 NUMA Support: Disabled
 Compressed Oops: Enabled (32-bit)
 Heap Region Size: 1M
 Heap Min Capacity: 8M
 Heap Initial Capacity: 254M
 Heap Max Capacity: 2G
 Pre-touch: Disabled
 Parallel Workers: 8
 Concurrent Workers: 2
 Concurrent Refinement Workers: 8
 Periodic GC: Disabled
Heap:
 garbage-first heap   total 479232K, used 336602K [0x0000000080000000, 0x0000000100000000)
  region size 1024K, 104 young (106496K), 10 survivors (10240K)
 Metaspace       used 141923K, committed 142848K, reserved 1179648K
  class space    used 19599K, committed 20032K, reserved 1048576K
GC Heap History (20 events):
Event: 30.714 GC heap before
{Heap before GC invocations=54 (full 0):
 garbage-first heap   total 479232K, used 407292K [0x0000000080000000, 0x0000000100000000)
  region size 1024K, 175 young (179200K), 6 survivors (6144K)
 Metaspace       used 140017K, committed 140928K, reserved 1179648K
  class space    used 19353K, committed 19776K, reserved 1048576K
}
Event: 30.725 GC heap after
{Heap after GC invocations=55 (full 0):
 garbage-first heap   total 479232K, used 234823K [0x0000000080000000, 0x0000000100000000)
  region size 1024K, 7 young (7168K), 7 survivors (7168K)
 Metaspace       used 140017K, committed 140928K, reserved 1179648K
  class space    used 19353K, committed 19776K, reserved 1048576K
}
Event: 31.130 GC heap before
{Heap before GC invocations=55 (full 0):
 garbage-first heap   total 479232K, used 409927K [0x0000000080000000, 0x0000000100000000)
  region size 1024K, 179 young (183296K), 7 survivors (7168K)
 Metaspace       used 140508K, committed 141440K, reserved 1179648K
  class space    used 19432K, committed 19904K, reserved 1048576K
}
Event: 31.144 GC heap after
{Heap after GC invocations=56 (full 0):
 garbage-first heap   total 479232K, used 237514K [0x0000000080000000, 0x0000000100000000)
  region size 1024K, 9 young (9216K), 9 survivors (9216K)
 Metaspace       used 140508K, committed 141440K, reserved 1179648K
  class space    used 19432K, committed 19904K, reserved 1048576K
}
Event: 31.785 GC heap before
{Heap before GC invocations=56 (full 0):
 garbage-first heap   total 479232K, used 413642K [0x0000000080000000, 0x0000000100000000)
  region size 1024K, 181 young (185344K), 9 survivors (9216K)
 Metaspace       used 141386K, committed 142336K, reserved 1179648K
  class space    used 19555K, committed 20032K, reserved 1048576K
}
Event: 31.797 GC heap after
{Heap after GC invocations=57 (full 0):
 garbage-first heap   total 479232K, used 239506K [0x0000000080000000, 0x0000000100000000)
  region size 1024K, 10 young (10240K), 10 survivors (10240K)
 Metaspace       used 141386K, committed 142336K, reserved 1179648K
  class space    used 19555K, committed 20032K, reserved 1048576K
}
Event: 32.536 GC heap before
{Heap before GC invocations=57 (full 0):
 garbage-first heap   total 479232K, used 413586K [0x0000000080000000, 0x0000000100000000)
  region size 1024K, 181 young (185344K), 10 survivors (10240K)
 Metaspace       used 141490K, committed 142400K, reserved 1179648K
  class space    used 19569K, committed 20032K, reserved 1048576K
}
Event: 32.552 GC heap after
{Heap after GC invocations=58 (full 0):
 garbage-first heap   total 479232K, used 239479K [0x0000000080000000, 0x0000000100000000)
  region size 1024K, 11 young (11264K), 11 survivors (11264K)
 Metaspace       used 141490K, committed 142400K, reserved 1179648K
  class space    used 19569K, committed 20032K, reserved 1048576K
}
Event: 33.272 GC heap before
{Heap before GC invocations=58 (full 0):
 garbage-first heap   total 479232K, used 413559K [0x0000000080000000, 0x0000000100000000)
  region size 1024K, 182 young (186368K), 11 survivors (11264K)
 Metaspace       used 141565K, committed 142464K, reserved 1179648K
  class space    used 19579K, committed 20032K, reserved 1048576K
}
Event: 33.285 GC heap after
{Heap after GC invocations=59 (full 0):
 garbage-first heap   total 479232K, used 241990K [0x0000000080000000, 0x0000000100000000)
  region size 1024K, 14 young (14336K), 14 survivors (14336K)
 Metaspace       used 141565K, committed 142464K, reserved 1179648K
  class space    used 19579K, committed 20032K, reserved 1048576K
}
Event: 34.101 GC heap before
{Heap before GC invocations=59 (full 0):
 garbage-first heap   total 479232K, used 414022K [0x0000000080000000, 0x0000000100000000)
  region size 1024K, 182 young (186368K), 14 survivors (14336K)
 Metaspace       used 141625K, committed 142528K, reserved 1179648K
  class space    used 19585K, committed 20032K, reserved 1048576K
}
Event: 34.116 GC heap after
{Heap after GC invocations=60 (full 0):
 garbage-first heap   total 479232K, used 243001K [0x0000000080000000, 0x0000000100000000)
  region size 1024K, 12 young (12288K), 12 survivors (12288K)
 Metaspace       used 141625K, committed 142528K, reserved 1179648K
  class space    used 19585K, committed 20032K, reserved 1048576K
}
Event: 35.176 GC heap before
{Heap before GC invocations=60 (full 0):
 garbage-first heap   total 479232K, used 416057K [0x0000000080000000, 0x0000000100000000)
  region size 1024K, 182 young (186368K), 12 survivors (12288K)
 Metaspace       used 141655K, committed 142592K, reserved 1179648K
  class space    used 19586K, committed 20032K, reserved 1048576K
}
Event: 35.187 GC heap after
{Heap after GC invocations=61 (full 0):
 garbage-first heap   total 479232K, used 242206K [0x0000000080000000, 0x0000000100000000)
  region size 1024K, 11 young (11264K), 11 survivors (11264K)
 Metaspace       used 141655K, committed 142592K, reserved 1179648K
  class space    used 19586K, committed 20032K, reserved 1048576K
}
Event: 36.369 GC heap before
{Heap before GC invocations=61 (full 0):
 garbage-first heap   total 479232K, used 418334K [0x0000000080000000, 0x0000000100000000)
  region size 1024K, 184 young (188416K), 11 survivors (11264K)
 Metaspace       used 141804K, committed 142720K, reserved 1179648K
  class space    used 19594K, committed 20032K, reserved 1048576K
}
Event: 36.385 GC heap after
{Heap after GC invocations=62 (full 0):
 garbage-first heap   total 479232K, used 243450K [0x0000000080000000, 0x0000000100000000)
  region size 1024K, 13 young (13312K), 13 survivors (13312K)
 Metaspace       used 141804K, committed 142720K, reserved 1179648K
  class space    used 19594K, committed 20032K, reserved 1048576K
}
Event: 37.260 GC heap before
{Heap before GC invocations=62 (full 0):
 garbage-first heap   total 479232K, used 416506K [0x0000000080000000, 0x0000000100000000)
  region size 1024K, 182 young (186368K), 13 survivors (13312K)
 Metaspace       used 141846K, committed 142720K, reserved 1179648K
  class space    used 19597K, committed 20032K, reserved 1048576K
}
Event: 37.272 GC heap after
{Heap after GC invocations=63 (full 0):
 garbage-first heap   total 479232K, used 240346K [0x0000000080000000, 0x0000000100000000)
  region size 1024K, 9 young (9216K), 9 survivors (9216K)
 Metaspace       used 141846K, committed 142720K, reserved 1179648K
  class space    used 19597K, committed 20032K, reserved 1048576K
}
Event: 38.403 GC heap before
{Heap before GC invocations=63 (full 0):
 garbage-first heap   total 479232K, used 422618K [0x0000000080000000, 0x0000000100000000)
  region size 1024K, 186 young (190464K), 9 survivors (9216K)
 Metaspace       used 141877K, committed 142784K, reserved 1179648K
  class space    used 19599K, committed 20032K, reserved 1048576K
}
Event: 38.422 GC heap after
{Heap after GC invocations=64 (full 0):
 garbage-first heap   total 479232K, used 241370K [0x0000000080000000, 0x0000000100000000)
  region size 1024K, 10 young (10240K), 10 survivors (10240K)
 Metaspace       used 141877K, committed 142784K, reserved 1179648K
  class space    used 19599K, committed 20032K, reserved 1048576K
}

