# JRE version: OpenJDK Runtime Environment (17.0.10) (build 17.0.10+0--11609105)
# Java VM: OpenJDK 64-Bit Server VM (17.0.10+0--11609105, mixed mode, tiered, compressed oops, compressed class ptrs, g1 gc, windows-amd64)
GC Precious Log:
 CPUs: 8 total, 8 available
 Memory: 16167M
 Large Page Support: Disabled
 NUMA Support: Disabled
 Compressed Oops: Enabled (32-bit)
 Heap Region Size: 1M
 Heap Min Capacity: 8M
 Heap Initial Capacity: 254M
 Heap Max Capacity: 2G
 Pre-touch: Disabled
 Parallel Workers: 8
 Concurrent Workers: 2
 Concurrent Refinement Workers: 8
 Periodic GC: Disabled
Heap:
 garbage-first heap   total 75776K, used 41152K [0x0000000080000000, 0x0000000100000000)
  region size 1024K, 20 young (20480K), 2 survivors (2048K)
 Metaspace       used 40163K, committed 40512K, reserved 1114112K
  class space    used 5385K, committed 5568K, reserved 1048576K
GC Heap History (14 events):
Event: 0.613 GC heap before
{Heap before GC invocations=0 (full 0):
 garbage-first heap   total 260096K, used 26624K [0x0000000080000000, 0x0000000100000000)
  region size 1024K, 23 young (23552K), 0 survivors (0K)
 Metaspace       used 10440K, committed 10560K, reserved 1114112K
  class space    used 1081K, committed 1152K, reserved 1048576K
}
Event: 0.616 GC heap after
{Heap after GC invocations=1 (full 0):
 garbage-first heap   total 260096K, used 11067K [0x0000000080000000, 0x0000000100000000)
  region size 1024K, 3 young (3072K), 3 survivors (3072K)
 Metaspace       used 10440K, committed 10560K, reserved 1114112K
  class space    used 1081K, committed 1152K, reserved 1048576K
}
Event: 0.957 GC heap before
{Heap before GC invocations=1 (full 0):
 garbage-first heap   total 260096K, used 39739K [0x0000000080000000, 0x0000000100000000)
  region size 1024K, 31 young (31744K), 3 survivors (3072K)
 Metaspace       used 11451K, committed 11648K, reserved 1114112K
  class space    used 1198K, committed 1280K, reserved 1048576K
}
Event: 0.959 GC heap after
{Heap after GC invocations=2 (full 0):
 garbage-first heap   total 260096K, used 11411K [0x0000000080000000, 0x0000000100000000)
  region size 1024K, 1 young (1024K), 1 survivors (1024K)
 Metaspace       used 11451K, committed 11648K, reserved 1114112K
  class space    used 1198K, committed 1280K, reserved 1048576K
}
Event: 1.843 GC heap before
{Heap before GC invocations=2 (full 0):
 garbage-first heap   total 260096K, used 63635K [0x0000000080000000, 0x0000000100000000)
  region size 1024K, 52 young (53248K), 1 survivors (1024K)
 Metaspace       used 21313K, committed 21504K, reserved 1114112K
  class space    used 2529K, committed 2624K, reserved 1048576K
}
Event: 1.847 GC heap after
{Heap after GC invocations=3 (full 0):
 garbage-first heap   total 260096K, used 19110K [0x0000000080000000, 0x0000000100000000)
  region size 1024K, 9 young (9216K), 9 survivors (9216K)
 Metaspace       used 21313K, committed 21504K, reserved 1114112K
  class space    used 2529K, committed 2624K, reserved 1048576K
}
Event: 2.430 GC heap before
{Heap before GC invocations=4 (full 0):
 garbage-first heap   total 75776K, used 54950K [0x0000000080000000, 0x0000000100000000)
  region size 1024K, 44 young (45056K), 9 survivors (9216K)
 Metaspace       used 26494K, committed 26816K, reserved 1114112K
  class space    used 3434K, committed 3584K, reserved 1048576K
}
Event: 2.435 GC heap after
{Heap after GC invocations=5 (full 0):
 garbage-first heap   total 75776K, used 20399K [0x0000000080000000, 0x0000000100000000)
  region size 1024K, 2 young (2048K), 2 survivors (2048K)
 Metaspace       used 26494K, committed 26816K, reserved 1114112K
  class space    used 3434K, committed 3584K, reserved 1048576K
}
Event: 3.269 GC heap before
{Heap before GC invocations=5 (full 0):
 garbage-first heap   total 75776K, used 52143K [0x0000000080000000, 0x0000000100000000)
  region size 1024K, 33 young (33792K), 2 survivors (2048K)
 Metaspace       used 30819K, committed 31168K, reserved 1114112K
  class space    used 4131K, committed 4288K, reserved 1048576K
}
Event: 3.272 GC heap after
{Heap after GC invocations=6 (full 0):
 garbage-first heap   total 75776K, used 22485K [0x0000000080000000, 0x0000000100000000)
  region size 1024K, 4 young (4096K), 4 survivors (4096K)
 Metaspace       used 30819K, committed 31168K, reserved 1114112K
  class space    used 4131K, committed 4288K, reserved 1048576K
}
Event: 4.203 GC heap before
{Heap before GC invocations=6 (full 0):
 garbage-first heap   total 75776K, used 54229K [0x0000000080000000, 0x0000000100000000)
  region size 1024K, 35 young (35840K), 4 survivors (4096K)
 Metaspace       used 34857K, committed 35136K, reserved 1114112K
  class space    used 4788K, committed 4928K, reserved 1048576K
}
Event: 4.209 GC heap after
{Heap after GC invocations=7 (full 0):
 garbage-first heap   total 75776K, used 23389K [0x0000000080000000, 0x0000000100000000)
  region size 1024K, 4 young (4096K), 4 survivors (4096K)
 Metaspace       used 34857K, committed 35136K, reserved 1114112K
  class space    used 4788K, committed 4928K, reserved 1048576K
}
Event: 4.361 GC heap before
{Heap before GC invocations=7 (full 0):
 garbage-first heap   total 75776K, used 27485K [0x0000000080000000, 0x0000000100000000)
  region size 1024K, 9 young (9216K), 4 survivors (4096K)
 Metaspace       used 35639K, committed 35968K, reserved 1114112K
  class space    used 4883K, committed 5056K, reserved 1048576K
}
Event: 4.364 GC heap after
{Heap after GC invocations=8 (full 0):
 garbage-first heap   total 75776K, used 23744K [0x0000000080000000, 0x0000000100000000)
  region size 1024K, 2 young (2048K), 2 survivors (2048K)
 Metaspace       used 35639K, committed 35968K, reserved 1114112K
  class space    used 4883K, committed 5056K, reserved 1048576K
}

